hw9_old_new/app/build/intermediates/manifest_merge_blame_file/debug/manifest-merger-blame-debug-report.txt
1<?xml version="1.0" encoding="utf-8"?>
2<manifest xmlns:android="http://schemas.android.com/apk/res/android"
3    package="pkg.hw9"
4    android:versionCode="1"
5    android:versionName="1.0" >
6
7    <uses-sdk
8        android:minSdkVersion="16"
8-->src/main/AndroidManifest.xml
9        android:targetSdkVersion="29" />
9-->src/main/AndroidManifest.xml
10
11    <uses-permission android:name="android.permission.INTERNET" />
11-->src/main/AndroidManifest.xml:5:5-67
11-->src/main/AndroidManifest.xml:5:22-64
12
13    <application
13-->src/main/AndroidManifest.xml:7:5-21:19
14        android:allowBackup="true"
14-->src/main/AndroidManifest.xml:8:9-35
15        android:appComponentFactory="android.support.v4.app.CoreComponentFactory"
15-->[com.android.support:support-compat:28.0.0] AndroidManifest.xml:22:18-91
16        android:debuggable="true"
17        android:icon="@mipmap/ic_launcher"
17-->src/main/AndroidManifest.xml:9:9-43
18        android:label="@string/app_name"
18-->src/main/AndroidManifest.xml:10:9-41
19        android:roundIcon="@mipmap/ic_launcher_round"
19-->src/main/AndroidManifest.xml:11:9-54
20        android:supportsRtl="true"
20-->src/main/AndroidManifest.xml:12:9-35
21        android:testOnly="true"
22        android:theme="@style/AppTheme" >
22-->src/main/AndroidManifest.xml:13:9-40
23        <activity android:name="pkg.hw9.MainActivity" >
23-->src/main/AndroidManifest.xml:14:9-20:20
23-->src/main/AndroidManifest.xml:14:19-47
24            <intent-filter>
24-->src/main/AndroidManifest.xml:15:13-19:29
25                <action android:name="android.intent.action.MAIN" />
25-->src/main/AndroidManifest.xml:16:17-69
25-->src/main/AndroidManifest.xml:16:25-66
26
27                <category android:name="android.intent.category.LAUNCHER" />
27-->src/main/AndroidManifest.xml:18:17-77
27-->src/main/AndroidManifest.xml:18:27-74
28            </intent-filter>
29        </activity>
30    </application>
31
32</manifest> <!-- <?xml version="1.0" encoding="utf-8"?> -->
33<!-- <manifest xmlns:android="http://schemas.android.com/apk/res/android" -->
34<!-- package="pkg.hw9"> -->
35<!-- <uses-permission android:name="android.permission.INTERNET" /> -->
36<!-- <application -->
37<!-- android:allowBackup="true" -->
38<!-- android:icon="@mipmap/ic_launcher" -->
39<!-- android:label="@string/app_name" -->
40<!-- android:roundIcon="@mipmap/ic_launcher_round" -->
41<!-- android:supportsRtl="true" -->
42<!-- android:theme="@style/Theme.AppCompat.Light.NoActionBar"> -->
43<!-- <activity -->
44<!-- android:name=".SplashScreen" -->
45<!-- android:theme="@style/SplashTheme"> -->
46<!-- <intent-filter> -->
47<!-- <action android:name="android.intent.action.MAIN" /> -->
48<!-- <category android:name="android.intent.category.DEFAULT" /> -->
49<!-- </intent-filter> -->
50<!-- </activity> -->
51<!-- <activity android:name=".FormActivity"> -->
52<!-- <intent-filter> -->
53<!-- <action android:name="android.intent.action.MAIN" /> -->
54<!-- <category android:name="android.intent.category.DEFAULT" /> -->
55<!-- </intent-filter> -->
56<!-- </activity> -->
57<!-- <activity -->
58<!-- android:name=".MainActivity" -->
59<!-- android:label="Search Results" -->
60<!-- android:parentActivityName=".FormActivity"> -->
61<!-- <intent-filter> -->
62<!-- <action android:name="android.intent.action.MAIN" /> -->
63<!-- <category android:name="android.intent.category.LAUNCHER" /> -->
64<!-- </intent-filter> -->
65<!-- </activity> -->
66<!-- &lt;!&ndash;        <activity&ndash;&gt; -->
67<!-- &lt;!&ndash;            android:name=".DetailActivity"&ndash;&gt; -->
68<!-- &lt;!&ndash;            android:label="@string/title_activity_detail"&ndash;&gt; -->
69<!-- &lt;!&ndash;            android:parentActivityName=".MainActivity">&ndash;&gt; -->
70<!-- &lt;!&ndash;            &lt;!&ndash; The meta-data tag is required if you support API level 15 and lower &ndash;&gt;&ndash;&gt; -->
71<!-- &lt;!&ndash;            <meta-data&ndash;&gt; -->
72<!-- &lt;!&ndash;                android:name="android.support.PARENT_ACTIVITY"&ndash;&gt; -->
73<!-- &lt;!&ndash;                android:value=".MainActivity" />&ndash;&gt; -->
74<!-- &lt;!&ndash;            <intent-filter>&ndash;&gt; -->
75<!-- &lt;!&ndash;                <action android:name="android.intent.action.MAIN" />&ndash;&gt; -->
76<!-- &lt;!&ndash;                <category android:name="android.intent.category.DEFAULT" />&ndash;&gt; -->
77<!-- &lt;!&ndash;            </intent-filter>&ndash;&gt; -->
78<!-- &lt;!&ndash;        </activity>&ndash;&gt; -->
79<!-- </application> -->
80<!-- </manifest> -->